    31>D:\.dima\misis2023f-23-check\misis2024s-23-18-mironov-e-a\prj.check\prj.check\doctest_queuearr\doctest_queuearr.cpp(3,10): error C1083: Ќе удаетс€ открыть файл включение: queuearr/queuearr.hpp: No such file or directory, [D:\.dima\misis2023f-23-check\misis2024s-23-18-mironov-e-a\build.check\prj.check\prj.check\doctest_queuearr\doctest_queuearr.vcxproj]
    32>D:\.dima\misis2023f-23-check\misis2024s-23-18-mironov-e-a\prj.check\prj.check\doctest_queuearr\doctest_queuearr_moveable.cpp(3,10): error C1083: Ќе удаетс€ открыть файл включение: queuearr/queuearr.hpp: No such file or directory, [D:\.dima\misis2023f-23-check\misis2024s-23-18-mironov-e-a\build.check\prj.check\prj.check\doctest_queuearr\doctest_queuearr_m.vcxproj]
    36>D:\.dima\misis2023f-23-check\misis2024s-23-18-mironov-e-a\prj.check\prj.check\doctest_queuelstpr\doctest_queuelstpr.cpp(3,10): error C1083: Ќе удаетс€ открыть файл включение: queuelstpr/queuelstpr.hpp: No such file or directory, [D:\.dima\misis2023f-23-check\misis2024s-23-18-mironov-e-a\build.check\prj.check\prj.check\doctest_queuelstpr\doctest_queuelstpr.vcxproj]
    37>D:\.dima\misis2023f-23-check\misis2024s-23-18-mironov-e-a\prj.check\prj.check\doctest_queuelstpr\doctest_queuelstpr_moveable.cpp(3,10): error C1083: Ќе удаетс€ открыть файл включение: queuelstpr/queuelstpr.hpp: No such file or directory, [D:\.dima\misis2023f-23-check\misis2024s-23-18-mironov-e-a\build.check\prj.check\prj.check\doctest_queuelstpr\doctest_queuelstpr_m.vcxproj]
    23>D:\.dima\misis2023f-23-check\misis2024s-23-18-mironov-e-a\prj.check\prj.check\doctest_bitset\doctest_bitset.cpp(13,19): error C2440: <function-style-cast>: невозможно преобразовать "int" в "BitSet" [D:\.dima\misis2023f-23-check\misis2024s-23-18-mironov-e-a\build.check\prj.check\prj.check\doctest_bitset\doctest_bitset.vcxproj]
    24>D:\.dima\misis2023f-23-check\misis2024s-23-18-mironov-e-a\prj.check\prj.check\doctest_bitset\doctest_bitset_moveable.cpp(9,12): error C2665: "BitSet::BitSet": ни одна перегруженна€ функци€ не может преобразовать все типы аргументов [D:\.dima\misis2023f-23-check\misis2024s-23-18-mironov-e-a\build.check\prj.check\prj.check\doctest_bitset\doctest_bitset_m.vcxproj]
    23>D:\.dima\misis2023f-23-check\misis2024s-23-18-mironov-e-a\prj.check\prj.check\doctest_bitset\doctest_bitset.cpp(14,15): error C3536: st: не может использоватьс€ до инициализации [D:\.dima\misis2023f-23-check\misis2024s-23-18-mironov-e-a\build.check\prj.check\prj.check\doctest_bitset\doctest_bitset.vcxproj]
    23>D:\.dima\misis2023f-23-check\misis2024s-23-18-mironov-e-a\prj.check\prj.check\doctest_bitset\doctest_bitset.cpp(14,19): error C2109: дл€ индекса требуетс€ массив или указатель [D:\.dima\misis2023f-23-check\misis2024s-23-18-mironov-e-a\build.check\prj.check\prj.check\doctest_bitset\doctest_bitset.vcxproj]
    23>D:\.dima\misis2023f-23-check\misis2024s-23-18-mironov-e-a\prj.check\prj.check\doctest_bitset\doctest_bitset.cpp(16,19): error C2109: дл€ индекса требуетс€ массив или указатель [D:\.dima\misis2023f-23-check\misis2024s-23-18-mironov-e-a\build.check\prj.check\prj.check\doctest_bitset\doctest_bitset.vcxproj]
    23>D:\.dima\misis2023f-23-check\misis2024s-23-18-mironov-e-a\prj.check\prj.check\doctest_bitset\doctest_bitset.cpp(16,13): error C2530: b2: ссылки должны быть инициализированы [D:\.dima\misis2023f-23-check\misis2024s-23-18-mironov-e-a\build.check\prj.check\prj.check\doctest_bitset\doctest_bitset.vcxproj]
    23>D:\.dima\misis2023f-23-check\misis2024s-23-18-mironov-e-a\prj.check\prj.check\doctest_bitset\doctest_bitset.cpp(21,3): error C2039: "Size": не €вл€етс€ членом "BitSet". [D:\.dima\misis2023f-23-check\misis2024s-23-18-mironov-e-a\build.check\prj.check\prj.check\doctest_bitset\doctest_bitset.vcxproj]
    23>D:\.dima\misis2023f-23-check\misis2024s-23-18-mironov-e-a\prj.check\prj.check\doctest_bitset\doctest_bitset.cpp(21,3): error C2672: "doctest::detail::ResultBuilder::binary_assert": не найдена соответствующа€ перегруженна€ функци€ [D:\.dima\misis2023f-23-check\misis2024s-23-18-mironov-e-a\build.check\prj.check\prj.check\doctest_bitset\doctest_bitset.vcxproj]
    23>D:\.dima\misis2023f-23-check\misis2024s-23-18-mironov-e-a\prj.check\prj.check\doctest_bitset\doctest_bitset.cpp(22,23): error C2440: <function-style-cast>: невозможно преобразовать "int" в "BitSet" [D:\.dima\misis2023f-23-check\misis2024s-23-18-mironov-e-a\build.check\prj.check\prj.check\doctest_bitset\doctest_bitset.vcxproj]
    23>D:\.dima\misis2023f-23-check\misis2024s-23-18-mironov-e-a\prj.check\prj.check\doctest_bitset\doctest_bitset.cpp(23,3): error C3536: bs_129: не может использоватьс€ до инициализации [D:\.dima\misis2023f-23-check\misis2024s-23-18-mironov-e-a\build.check\prj.check\prj.check\doctest_bitset\doctest_bitset.vcxproj]
    23>D:\.dima\misis2023f-23-check\misis2024s-23-18-mironov-e-a\prj.check\prj.check\doctest_bitset\doctest_bitset.cpp(23,3): error C2672: "doctest::detail::ResultBuilder::binary_assert": не найдена соответствующа€ перегруженна€ функци€ [D:\.dima\misis2023f-23-check\misis2024s-23-18-mironov-e-a\build.check\prj.check\prj.check\doctest_bitset\doctest_bitset.vcxproj]
    23>D:\.dima\misis2023f-23-check\misis2024s-23-18-mironov-e-a\prj.check\prj.check\doctest_bitset\doctest_bitset.cpp(28,3): error C2039: "Size": не €вл€етс€ членом "BitSet". [D:\.dima\misis2023f-23-check\misis2024s-23-18-mironov-e-a\build.check\prj.check\prj.check\doctest_bitset\doctest_bitset.vcxproj]
    34>D:\.dima\misis2023f-23-check\misis2024s-23-18-mironov-e-a\prj.check\prj.check\doctest_queuelst\doctest_queuelst.cpp(32,11): error C2280: "QueueLst &QueueLst::operator =(const QueueLst &)": предприн€та попытка ссылки на удаленную функцию [D:\.dima\misis2023f-23-check\misis2024s-23-18-mironov-e-a\build.check\prj.check\prj.check\doctest_queuelst\doctest_queuelst.vcxproj]
    23>D:\.dima\misis2023f-23-check\misis2024s-23-18-mironov-e-a\prj.check\prj.check\doctest_bitset\doctest_bitset.cpp(28,3): error C2672: "doctest::detail::ResultBuilder::binary_assert": не найдена соответствующа€ перегруженна€ функци€ [D:\.dima\misis2023f-23-check\misis2024s-23-18-mironov-e-a\build.check\prj.check\prj.check\doctest_bitset\doctest_bitset.vcxproj]
    33>D:\.dima\misis2023f-23-check\misis2024s-23-18-mironov-e-a\prj.check\prj.check\doctest_queuelst\doctest_queuelst_moveable.cpp(20,5): error C2039: "Top": не €вл€етс€ членом "QueueLst". [D:\.dima\misis2023f-23-check\misis2024s-23-18-mironov-e-a\build.check\prj.check\prj.check\doctest_queuelst\doctest_queuelst_m.vcxproj]
    23>D:\.dima\misis2023f-23-check\misis2024s-23-18-mironov-e-a\prj.check\prj.check\doctest_bitset\doctest_bitset.cpp(29,23): error C2440: <function-style-cast>: невозможно преобразовать "int" в "BitSet" [D:\.dima\misis2023f-23-check\misis2024s-23-18-mironov-e-a\build.check\prj.check\prj.check\doctest_bitset\doctest_bitset.vcxproj]
    23>D:\.dima\misis2023f-23-check\misis2024s-23-18-mironov-e-a\prj.check\prj.check\doctest_bitset\doctest_bitset.cpp(30,3): error C3536: bs_129: не может использоватьс€ до инициализации [D:\.dima\misis2023f-23-check\misis2024s-23-18-mironov-e-a\build.check\prj.check\prj.check\doctest_bitset\doctest_bitset.vcxproj]
    23>D:\.dima\misis2023f-23-check\misis2024s-23-18-mironov-e-a\prj.check\prj.check\doctest_bitset\doctest_bitset.cpp(30,3): error C2672: "doctest::detail::ResultBuilder::binary_assert": не найдена соответствующа€ перегруженна€ функци€ [D:\.dima\misis2023f-23-check\misis2024s-23-18-mironov-e-a\build.check\prj.check\prj.check\doctest_bitset\doctest_bitset.vcxproj]
    23>D:\.dima\misis2023f-23-check\misis2024s-23-18-mironov-e-a\prj.check\prj.check\doctest_bitset\doctest_bitset.cpp(38,23): error C2440: <function-style-cast>: невозможно преобразовать "int" в "BitSet" [D:\.dima\misis2023f-23-check\misis2024s-23-18-mironov-e-a\build.check\prj.check\prj.check\doctest_bitset\doctest_bitset.vcxproj]
    23>D:\.dima\misis2023f-23-check\misis2024s-23-18-mironov-e-a\prj.check\prj.check\doctest_bitset\doctest_bitset.cpp(39,3): error C3536: bs_129: не может использоватьс€ до инициализации [D:\.dima\misis2023f-23-check\misis2024s-23-18-mironov-e-a\build.check\prj.check\prj.check\doctest_bitset\doctest_bitset.vcxproj]
    23>D:\.dima\misis2023f-23-check\misis2024s-23-18-mironov-e-a\prj.check\prj.check\doctest_bitset\doctest_bitset.cpp(50,23): error C2440: <function-style-cast>: невозможно преобразовать "int" в "BitSet" [D:\.dima\misis2023f-23-check\misis2024s-23-18-mironov-e-a\build.check\prj.check\prj.check\doctest_bitset\doctest_bitset.vcxproj]
    23>D:\.dima\misis2023f-23-check\misis2024s-23-18-mironov-e-a\prj.check\prj.check\doctest_bitset\doctest_bitset.cpp(51,3): error C3536: bs_129: не может использоватьс€ до инициализации [D:\.dima\misis2023f-23-check\misis2024s-23-18-mironov-e-a\build.check\prj.check\prj.check\doctest_bitset\doctest_bitset.vcxproj]
    23>D:\.dima\misis2023f-23-check\misis2024s-23-18-mironov-e-a\prj.check\prj.check\doctest_bitset\doctest_bitset.cpp(58,19): error C2440: <function-style-cast>: невозможно преобразовать "int" в "BitSet" [D:\.dima\misis2023f-23-check\misis2024s-23-18-mironov-e-a\build.check\prj.check\prj.check\doctest_bitset\doctest_bitset.vcxproj]
    23>D:\.dima\misis2023f-23-check\misis2024s-23-18-mironov-e-a\prj.check\prj.check\doctest_bitset\doctest_bitset.cpp(59,28): error C3536: bs: не может использоватьс€ до инициализации [D:\.dima\misis2023f-23-check\misis2024s-23-18-mironov-e-a\build.check\prj.check\prj.check\doctest_bitset\doctest_bitset.vcxproj]
    23>D:\.dima\misis2023f-23-check\misis2024s-23-18-mironov-e-a\prj.check\prj.check\doctest_bitset\doctest_bitset.cpp(86,19): error C2440: <function-style-cast>: невозможно преобразовать "int" в "BitSet" [D:\.dima\misis2023f-23-check\misis2024s-23-18-mironov-e-a\build.check\prj.check\prj.check\doctest_bitset\doctest_bitset.vcxproj]
    23>D:\.dima\misis2023f-23-check\misis2024s-23-18-mironov-e-a\prj.check\prj.check\doctest_bitset\doctest_bitset.cpp(87,28): error C3536: st: не может использоватьс€ до инициализации [D:\.dima\misis2023f-23-check\misis2024s-23-18-mironov-e-a\build.check\prj.check\prj.check\doctest_bitset\doctest_bitset.vcxproj]
    23>D:\.dima\misis2023f-23-check\misis2024s-23-18-mironov-e-a\prj.check\prj.check\doctest_bitset\doctest_bitset.cpp(88,5): error C2109: дл€ индекса требуетс€ массив или указатель [D:\.dima\misis2023f-23-check\misis2024s-23-18-mironov-e-a\build.check\prj.check\prj.check\doctest_bitset\doctest_bitset.vcxproj]
    23>D:\.dima\misis2023f-23-check\misis2024s-23-18-mironov-e-a\prj.check\prj.check\doctest_bitset\doctest_bitset.cpp(89,9): error C2109: дл€ индекса требуетс€ массив или указатель [D:\.dima\misis2023f-23-check\misis2024s-23-18-mironov-e-a\build.check\prj.check\prj.check\doctest_bitset\doctest_bitset.vcxproj]
    23>D:\.dima\misis2023f-23-check\misis2024s-23-18-mironov-e-a\prj.check\prj.check\doctest_bitset\doctest_bitset.cpp(91,5): error C2109: дл€ индекса требуетс€ массив или указатель [D:\.dima\misis2023f-23-check\misis2024s-23-18-mironov-e-a\build.check\prj.check\prj.check\doctest_bitset\doctest_bitset.vcxproj]
    23>D:\.dima\misis2023f-23-check\misis2024s-23-18-mironov-e-a\prj.check\prj.check\doctest_bitset\doctest_bitset.cpp(92,9): error C2109: дл€ индекса требуетс€ массив или указатель [D:\.dima\misis2023f-23-check\misis2024s-23-18-mironov-e-a\build.check\prj.check\prj.check\doctest_bitset\doctest_bitset.vcxproj]
    23>D:\.dima\misis2023f-23-check\misis2024s-23-18-mironov-e-a\prj.check\prj.check\doctest_bitset\doctest_bitset.cpp(94,5): error C2109: дл€ индекса требуетс€ массив или указатель [D:\.dima\misis2023f-23-check\misis2024s-23-18-mironov-e-a\build.check\prj.check\prj.check\doctest_bitset\doctest_bitset.vcxproj]
    23>D:\.dima\misis2023f-23-check\misis2024s-23-18-mironov-e-a\prj.check\prj.check\doctest_bitset\doctest_bitset.cpp(96,7): error C2109: дл€ индекса требуетс€ массив или указатель [D:\.dima\misis2023f-23-check\misis2024s-23-18-mironov-e-a\build.check\prj.check\prj.check\doctest_bitset\doctest_bitset.vcxproj]
    23>D:\.dima\misis2023f-23-check\misis2024s-23-18-mironov-e-a\prj.check\prj.check\doctest_bitset\doctest_bitset.cpp(97,3): error C2109: дл€ индекса требуетс€ массив или указатель [D:\.dima\misis2023f-23-check\misis2024s-23-18-mironov-e-a\build.check\prj.check\prj.check\doctest_bitset\doctest_bitset.vcxproj]
    23>D:\.dima\misis2023f-23-check\misis2024s-23-18-mironov-e-a\prj.check\prj.check\doctest_bitset\doctest_bitset.cpp(98,3): error C2109: дл€ индекса требуетс€ массив или указатель [D:\.dima\misis2023f-23-check\misis2024s-23-18-mironov-e-a\build.check\prj.check\prj.check\doctest_bitset\doctest_bitset.vcxproj]
    23>D:\.dima\misis2023f-23-check\misis2024s-23-18-mironov-e-a\prj.check\prj.check\doctest_bitset\doctest_bitset.cpp(99,3): error C2109: дл€ индекса требуетс€ массив или указатель [D:\.dima\misis2023f-23-check\misis2024s-23-18-mironov-e-a\build.check\prj.check\prj.check\doctest_bitset\doctest_bitset.vcxproj]
    23>D:\.dima\misis2023f-23-check\misis2024s-23-18-mironov-e-a\prj.check\prj.check\doctest_bitset\doctest_bitset.cpp(102,3): error C2109: дл€ индекса требуетс€ массив или указатель [D:\.dima\misis2023f-23-check\misis2024s-23-18-mironov-e-a\build.check\prj.check\prj.check\doctest_bitset\doctest_bitset.vcxproj]
    23>D:\.dima\misis2023f-23-check\misis2024s-23-18-mironov-e-a\prj.check\prj.check\doctest_bitset\doctest_bitset.cpp(103,3): error C2109: дл€ индекса требуетс€ массив или указатель [D:\.dima\misis2023f-23-check\misis2024s-23-18-mironov-e-a\build.check\prj.check\prj.check\doctest_bitset\doctest_bitset.vcxproj]
    23>D:\.dima\misis2023f-23-check\misis2024s-23-18-mironov-e-a\prj.check\prj.check\doctest_bitset\doctest_bitset.cpp(104,3): error C2109: дл€ индекса требуетс€ массив или указатель [D:\.dima\misis2023f-23-check\misis2024s-23-18-mironov-e-a\build.check\prj.check\prj.check\doctest_bitset\doctest_bitset.vcxproj]
    23>D:\.dima\misis2023f-23-check\misis2024s-23-18-mironov-e-a\prj.check\prj.check\doctest_bitset\doctest_bitset.cpp(105,3): error C2109: дл€ индекса требуетс€ массив или указатель [D:\.dima\misis2023f-23-check\misis2024s-23-18-mironov-e-a\build.check\prj.check\prj.check\doctest_bitset\doctest_bitset.vcxproj]
    23>D:\.dima\misis2023f-23-check\misis2024s-23-18-mironov-e-a\prj.check\prj.check\doctest_bitset\doctest_bitset.cpp(116,19): error C2665: "BitSet::BitSet": ни одна перегруженна€ функци€ не может преобразовать все типы аргументов [D:\.dima\misis2023f-23-check\misis2024s-23-18-mironov-e-a\build.check\prj.check\prj.check\doctest_bitset\doctest_bitset.vcxproj]
    23>D:\.dima\misis2023f-23-check\misis2024s-23-18-mironov-e-a\prj.check\prj.check\doctest_bitset\doctest_bitset.cpp(122,17): error C2665: "BitSet::BitSet": ни одна перегруженна€ функци€ не может преобразовать все типы аргументов [D:\.dima\misis2023f-23-check\misis2024s-23-18-mironov-e-a\build.check\prj.check\prj.check\doctest_bitset\doctest_bitset.vcxproj]
    23>D:\.dima\misis2023f-23-check\misis2024s-23-18-mironov-e-a\prj.check\prj.check\doctest_bitset\doctest_bitset.cpp(124,10): error C2440: инициализаци€: невозможно преобразовать "BitSet::BiA" в "bool" [D:\.dima\misis2023f-23-check\misis2024s-23-18-mironov-e-a\build.check\prj.check\prj.check\doctest_bitset\doctest_bitset.vcxproj]
    34>D:\.dima\misis2023f-23-check\misis2024s-23-18-mironov-e-a\prj.check\prj.check\doctest_queuelst\doctest_queuelst.cpp(37,20): error C2280: "QueueLst::QueueLst(const QueueLst &)": предприн€та попытка ссылки на удаленную функцию [D:\.dima\misis2023f-23-check\misis2024s-23-18-mironov-e-a\build.check\prj.check\prj.check\doctest_queuelst\doctest_queuelst.vcxproj]
    34>D:\.dima\misis2023f-23-check\misis2024s-23-18-mironov-e-a\prj.check\prj.check\doctest_queuelst\doctest_queuelst.cpp(45,21): error C2280: "QueueLst::QueueLst(const QueueLst &)": предприн€та попытка ссылки на удаленную функцию [D:\.dima\misis2023f-23-check\misis2024s-23-18-mironov-e-a\build.check\prj.check\prj.check\doctest_queuelst\doctest_queuelst.vcxproj]
    34>D:\.dima\misis2023f-23-check\misis2024s-23-18-mironov-e-a\prj.check\prj.check\doctest_queuelst\doctest_queuelst.cpp(47,5): error C2039: "Top": не €вл€етс€ членом "QueueLst". [D:\.dima\misis2023f-23-check\misis2024s-23-18-mironov-e-a\build.check\prj.check\prj.check\doctest_queuelst\doctest_queuelst.vcxproj]
    34>D:\.dima\misis2023f-23-check\misis2024s-23-18-mironov-e-a\prj.check\prj.check\doctest_queuelst\doctest_queuelst.cpp(47,5): error C2672: "doctest::detail::ResultBuilder::binary_assert": не найдена соответствующа€ перегруженна€ функци€ [D:\.dima\misis2023f-23-check\misis2024s-23-18-mironov-e-a\build.check\prj.check\prj.check\doctest_queuelst\doctest_queuelst.vcxproj]
    34>D:\.dima\misis2023f-23-check\misis2024s-23-18-mironov-e-a\prj.check\prj.check\doctest_queuelst\doctest_queuelst.cpp(48,5): error C2039: "Top": не €вл€етс€ членом "QueueLst". [D:\.dima\misis2023f-23-check\misis2024s-23-18-mironov-e-a\build.check\prj.check\prj.check\doctest_queuelst\doctest_queuelst.vcxproj]
    34>D:\.dima\misis2023f-23-check\misis2024s-23-18-mironov-e-a\prj.check\prj.check\doctest_queuelst\doctest_queuelst.cpp(48,5): error C2672: "doctest::detail::ResultBuilder::binary_assert": не найдена соответствующа€ перегруженна€ функци€ [D:\.dima\misis2023f-23-check\misis2024s-23-18-mironov-e-a\build.check\prj.check\prj.check\doctest_queuelst\doctest_queuelst.vcxproj]
    34>D:\.dima\misis2023f-23-check\misis2024s-23-18-mironov-e-a\prj.check\prj.check\doctest_queuelst\doctest_queuelst.cpp(50,5): error C2039: "Top": не €вл€етс€ членом "QueueLst". [D:\.dima\misis2023f-23-check\misis2024s-23-18-mironov-e-a\build.check\prj.check\prj.check\doctest_queuelst\doctest_queuelst.vcxproj]
    34>D:\.dima\misis2023f-23-check\misis2024s-23-18-mironov-e-a\prj.check\prj.check\doctest_queuelst\doctest_queuelst.cpp(50,5): error C2672: "doctest::detail::ResultBuilder::binary_assert": не найдена соответствующа€ перегруженна€ функци€ [D:\.dima\misis2023f-23-check\misis2024s-23-18-mironov-e-a\build.check\prj.check\prj.check\doctest_queuelst\doctest_queuelst.vcxproj]
    34>D:\.dima\misis2023f-23-check\misis2024s-23-18-mironov-e-a\prj.check\prj.check\doctest_queuelst\doctest_queuelst.cpp(51,5): error C2039: "Top": не €вл€етс€ членом "QueueLst". [D:\.dima\misis2023f-23-check\misis2024s-23-18-mironov-e-a\build.check\prj.check\prj.check\doctest_queuelst\doctest_queuelst.vcxproj]
    34>D:\.dima\misis2023f-23-check\misis2024s-23-18-mironov-e-a\prj.check\prj.check\doctest_queuelst\doctest_queuelst.cpp(51,5): error C2672: "doctest::detail::ResultBuilder::binary_assert": не найдена соответствующа€ перегруженна€ функци€ [D:\.dima\misis2023f-23-check\misis2024s-23-18-mironov-e-a\build.check\prj.check\prj.check\doctest_queuelst\doctest_queuelst.vcxproj]
    34>D:\.dima\misis2023f-23-check\misis2024s-23-18-mironov-e-a\prj.check\prj.check\doctest_queuelst\doctest_queuelst.cpp(55,9): error C2039: "Top": не €вл€етс€ членом "QueueLst". [D:\.dima\misis2023f-23-check\misis2024s-23-18-mironov-e-a\build.check\prj.check\prj.check\doctest_queuelst\doctest_queuelst.vcxproj]
    34>D:\.dima\misis2023f-23-check\misis2024s-23-18-mironov-e-a\prj.check\prj.check\doctest_queuelst\doctest_queuelst.cpp(55,9): error C2672: "doctest::detail::ResultBuilder::binary_assert": не найдена соответствующа€ перегруженна€ функци€ [D:\.dima\misis2023f-23-check\misis2024s-23-18-mironov-e-a\build.check\prj.check\prj.check\doctest_queuelst\doctest_queuelst.vcxproj]
    34>D:\.dima\misis2023f-23-check\misis2024s-23-18-mironov-e-a\prj.check\prj.check\doctest_queuelst\doctest_queuelst.cpp(59,9): error C2039: "Top": не €вл€етс€ членом "QueueLst". [D:\.dima\misis2023f-23-check\misis2024s-23-18-mironov-e-a\build.check\prj.check\prj.check\doctest_queuelst\doctest_queuelst.vcxproj]
    34>D:\.dima\misis2023f-23-check\misis2024s-23-18-mironov-e-a\prj.check\prj.check\doctest_queuelst\doctest_queuelst.cpp(59,9): error C2672: "doctest::detail::ResultBuilder::binary_assert": не найдена соответствующа€ перегруженна€ функци€ [D:\.dima\misis2023f-23-check\misis2024s-23-18-mironov-e-a\build.check\prj.check\prj.check\doctest_queuelst\doctest_queuelst.vcxproj]
    34>D:\.dima\misis2023f-23-check\misis2024s-23-18-mironov-e-a\prj.check\prj.check\doctest_queuelst\doctest_queuelst.cpp(68,19): error C2280: "QueueLst::QueueLst(const QueueLst &)": предприн€та попытка ссылки на удаленную функцию [D:\.dima\misis2023f-23-check\misis2024s-23-18-mironov-e-a\build.check\prj.check\prj.check\doctest_queuelst\doctest_queuelst.vcxproj]
    34>D:\.dima\misis2023f-23-check\misis2024s-23-18-mironov-e-a\prj.check\prj.check\doctest_queuelst\doctest_queuelst.cpp(70,3): error C2039: "Top": не €вл€етс€ членом "QueueLst". [D:\.dima\misis2023f-23-check\misis2024s-23-18-mironov-e-a\build.check\prj.check\prj.check\doctest_queuelst\doctest_queuelst.vcxproj]
    34>D:\.dima\misis2023f-23-check\misis2024s-23-18-mironov-e-a\prj.check\prj.check\doctest_queuelst\doctest_queuelst.cpp(70,3): error C2672: "doctest::detail::ResultBuilder::binary_assert": не найдена соответствующа€ перегруженна€ функци€ [D:\.dima\misis2023f-23-check\misis2024s-23-18-mironov-e-a\build.check\prj.check\prj.check\doctest_queuelst\doctest_queuelst.vcxproj]
    34>D:\.dima\misis2023f-23-check\misis2024s-23-18-mironov-e-a\prj.check\prj.check\doctest_queuelst\doctest_queuelst.cpp(71,3): error C2039: "Top": не €вл€етс€ членом "QueueLst". [D:\.dima\misis2023f-23-check\misis2024s-23-18-mironov-e-a\build.check\prj.check\prj.check\doctest_queuelst\doctest_queuelst.vcxproj]
    34>D:\.dima\misis2023f-23-check\misis2024s-23-18-mironov-e-a\prj.check\prj.check\doctest_queuelst\doctest_queuelst.cpp(71,3): error C2672: "doctest::detail::ResultBuilder::binary_assert": не найдена соответствующа€ перегруженна€ функци€ [D:\.dima\misis2023f-23-check\misis2024s-23-18-mironov-e-a\build.check\prj.check\prj.check\doctest_queuelst\doctest_queuelst.vcxproj]
    34>D:\.dima\misis2023f-23-check\misis2024s-23-18-mironov-e-a\prj.check\prj.check\doctest_queuelst\doctest_queuelst.cpp(73,3): error C2039: "Top": не €вл€етс€ членом "QueueLst". [D:\.dima\misis2023f-23-check\misis2024s-23-18-mironov-e-a\build.check\prj.check\prj.check\doctest_queuelst\doctest_queuelst.vcxproj]
    34>D:\.dima\misis2023f-23-check\misis2024s-23-18-mironov-e-a\prj.check\prj.check\doctest_queuelst\doctest_queuelst.cpp(73,3): error C2672: "doctest::detail::ResultBuilder::binary_assert": не найдена соответствующа€ перегруженна€ функци€ [D:\.dima\misis2023f-23-check\misis2024s-23-18-mironov-e-a\build.check\prj.check\prj.check\doctest_queuelst\doctest_queuelst.vcxproj]
    34>D:\.dima\misis2023f-23-check\misis2024s-23-18-mironov-e-a\prj.check\prj.check\doctest_queuelst\doctest_queuelst.cpp(74,3): error C2039: "Top": не €вл€етс€ членом "QueueLst". [D:\.dima\misis2023f-23-check\misis2024s-23-18-mironov-e-a\build.check\prj.check\prj.check\doctest_queuelst\doctest_queuelst.vcxproj]
    34>D:\.dima\misis2023f-23-check\misis2024s-23-18-mironov-e-a\prj.check\prj.check\doctest_queuelst\doctest_queuelst.cpp(74,3): error C2672: "doctest::detail::ResultBuilder::binary_assert": не найдена соответствующа€ перегруженна€ функци€ [D:\.dima\misis2023f-23-check\misis2024s-23-18-mironov-e-a\build.check\prj.check\prj.check\doctest_queuelst\doctest_queuelst.vcxproj]
    34>D:\.dima\misis2023f-23-check\misis2024s-23-18-mironov-e-a\prj.check\prj.check\doctest_queuelst\doctest_queuelst.cpp(78,7): error C2039: "Top": не €вл€етс€ членом "QueueLst". [D:\.dima\misis2023f-23-check\misis2024s-23-18-mironov-e-a\build.check\prj.check\prj.check\doctest_queuelst\doctest_queuelst.vcxproj]
    34>D:\.dima\misis2023f-23-check\misis2024s-23-18-mironov-e-a\prj.check\prj.check\doctest_queuelst\doctest_queuelst.cpp(78,7): error C2672: "doctest::detail::ResultBuilder::binary_assert": не найдена соответствующа€ перегруженна€ функци€ [D:\.dima\misis2023f-23-check\misis2024s-23-18-mironov-e-a\build.check\prj.check\prj.check\doctest_queuelst\doctest_queuelst.vcxproj]
    34>D:\.dima\misis2023f-23-check\misis2024s-23-18-mironov-e-a\prj.check\prj.check\doctest_queuelst\doctest_queuelst.cpp(82,7): error C2039: "Top": не €вл€етс€ членом "QueueLst". [D:\.dima\misis2023f-23-check\misis2024s-23-18-mironov-e-a\build.check\prj.check\prj.check\doctest_queuelst\doctest_queuelst.vcxproj]
    34>D:\.dima\misis2023f-23-check\misis2024s-23-18-mironov-e-a\prj.check\prj.check\doctest_queuelst\doctest_queuelst.cpp(82,7): error C2672: "doctest::detail::ResultBuilder::binary_assert": не найдена соответствующа€ перегруженна€ функци€ [D:\.dima\misis2023f-23-check\misis2024s-23-18-mironov-e-a\build.check\prj.check\prj.check\doctest_queuelst\doctest_queuelst.vcxproj]
    34>D:\.dima\misis2023f-23-check\misis2024s-23-18-mironov-e-a\prj.check\prj.check\doctest_queuelst\doctest_queuelst.cpp(90,12): error C2280: "QueueLst &QueueLst::operator =(const QueueLst &)": предприн€та попытка ссылки на удаленную функцию [D:\.dima\misis2023f-23-check\misis2024s-23-18-mironov-e-a\build.check\prj.check\prj.check\doctest_queuelst\doctest_queuelst.vcxproj]
    34>D:\.dima\misis2023f-23-check\misis2024s-23-18-mironov-e-a\prj.check\prj.check\doctest_queuelst\doctest_queuelst.cpp(96,11): error C2280: "QueueLst &QueueLst::operator =(const QueueLst &)": предприн€та попытка ссылки на удаленную функцию [D:\.dima\misis2023f-23-check\misis2024s-23-18-mironov-e-a\build.check\prj.check\prj.check\doctest_queuelst\doctest_queuelst.vcxproj]
    34>D:\.dima\misis2023f-23-check\misis2024s-23-18-mironov-e-a\prj.check\prj.check\doctest_queuelst\doctest_queuelst.cpp(103,11): error C2280: "QueueLst &QueueLst::operator =(const QueueLst &)": предприн€та попытка ссылки на удаленную функцию [D:\.dima\misis2023f-23-check\misis2024s-23-18-mironov-e-a\build.check\prj.check\prj.check\doctest_queuelst\doctest_queuelst.vcxproj]
    34>D:\.dima\misis2023f-23-check\misis2024s-23-18-mironov-e-a\prj.check\prj.check\doctest_queuelst\doctest_queuelst.cpp(114,11): error C2280: "QueueLst &QueueLst::operator =(const QueueLst &)": предприн€та попытка ссылки на удаленную функцию [D:\.dima\misis2023f-23-check\misis2024s-23-18-mironov-e-a\build.check\prj.check\prj.check\doctest_queuelst\doctest_queuelst.vcxproj]
    34>D:\.dima\misis2023f-23-check\misis2024s-23-18-mironov-e-a\prj.check\prj.check\doctest_queuelst\doctest_queuelst.cpp(115,3): error C2039: "Top": не €вл€етс€ членом "QueueLst". [D:\.dima\misis2023f-23-check\misis2024s-23-18-mironov-e-a\build.check\prj.check\prj.check\doctest_queuelst\doctest_queuelst.vcxproj]
    34>D:\.dima\misis2023f-23-check\misis2024s-23-18-mironov-e-a\prj.check\prj.check\doctest_queuelst\doctest_queuelst.cpp(115,3): error C2672: "doctest::detail::ResultBuilder::binary_assert": не найдена соответствующа€ перегруженна€ функци€ [D:\.dima\misis2023f-23-check\misis2024s-23-18-mironov-e-a\build.check\prj.check\prj.check\doctest_queuelst\doctest_queuelst.vcxproj]
    34>D:\.dima\misis2023f-23-check\misis2024s-23-18-mironov-e-a\prj.check\prj.check\doctest_queuelst\doctest_queuelst.cpp(117,5): error C2039: "Top": не €вл€етс€ членом "QueueLst". [D:\.dima\misis2023f-23-check\misis2024s-23-18-mironov-e-a\build.check\prj.check\prj.check\doctest_queuelst\doctest_queuelst.vcxproj]
    34>D:\.dima\misis2023f-23-check\misis2024s-23-18-mironov-e-a\prj.check\prj.check\doctest_queuelst\doctest_queuelst.cpp(117,5): error C2672: "doctest::detail::ResultBuilder::binary_assert": не найдена соответствующа€ перегруженна€ функци€ [D:\.dima\misis2023f-23-check\misis2024s-23-18-mironov-e-a\build.check\prj.check\prj.check\doctest_queuelst\doctest_queuelst.vcxproj]
    34>D:\.dima\misis2023f-23-check\misis2024s-23-18-mironov-e-a\prj.check\prj.check\doctest_queuelst\doctest_queuelst.cpp(120,7): error C2039: "Top": не €вл€етс€ членом "QueueLst". [D:\.dima\misis2023f-23-check\misis2024s-23-18-mironov-e-a\build.check\prj.check\prj.check\doctest_queuelst\doctest_queuelst.vcxproj]
    34>D:\.dima\misis2023f-23-check\misis2024s-23-18-mironov-e-a\prj.check\prj.check\doctest_queuelst\doctest_queuelst.cpp(120,7): error C2672: "doctest::detail::ResultBuilder::binary_assert": не найдена соответствующа€ перегруженна€ функци€ [D:\.dima\misis2023f-23-check\misis2024s-23-18-mironov-e-a\build.check\prj.check\prj.check\doctest_queuelst\doctest_queuelst.vcxproj]
    34>D:\.dima\misis2023f-23-check\misis2024s-23-18-mironov-e-a\prj.check\prj.check\doctest_queuelst\doctest_queuelst.cpp(124,7): error C2039: "Top": не €вл€етс€ членом "QueueLst". [D:\.dima\misis2023f-23-check\misis2024s-23-18-mironov-e-a\build.check\prj.check\prj.check\doctest_queuelst\doctest_queuelst.vcxproj]
    34>D:\.dima\misis2023f-23-check\misis2024s-23-18-mironov-e-a\prj.check\prj.check\doctest_queuelst\doctest_queuelst.cpp(124,7): error C2672: "doctest::detail::ResultBuilder::binary_assert": не найдена соответствующа€ перегруженна€ функци€ [D:\.dima\misis2023f-23-check\misis2024s-23-18-mironov-e-a\build.check\prj.check\prj.check\doctest_queuelst\doctest_queuelst.vcxproj]
    34>D:\.dima\misis2023f-23-check\misis2024s-23-18-mironov-e-a\prj.check\prj.check\doctest_queuelst\doctest_queuelst.cpp(131,3): error C2039: "Top": не €вл€етс€ членом "QueueLst". [D:\.dima\misis2023f-23-check\misis2024s-23-18-mironov-e-a\build.check\prj.check\prj.check\doctest_queuelst\doctest_queuelst.vcxproj]
    34>D:\.dima\misis2023f-23-check\misis2024s-23-18-mironov-e-a\prj.check\prj.check\doctest_queuelst\doctest_queuelst.cpp(133,3): error C2039: "Top": не €вл€етс€ членом "QueueLst". [D:\.dima\misis2023f-23-check\misis2024s-23-18-mironov-e-a\build.check\prj.check\prj.check\doctest_queuelst\doctest_queuelst.vcxproj]
    34>D:\.dima\misis2023f-23-check\misis2024s-23-18-mironov-e-a\prj.check\prj.check\doctest_queuelst\doctest_queuelst.cpp(135,3): error C2039: "Top": не €вл€етс€ членом "QueueLst". [D:\.dima\misis2023f-23-check\misis2024s-23-18-mironov-e-a\build.check\prj.check\prj.check\doctest_queuelst\doctest_queuelst.vcxproj]
    34>D:\.dima\misis2023f-23-check\misis2024s-23-18-mironov-e-a\prj.check\prj.check\doctest_queuelst\doctest_queuelst.cpp(136,3): error C2039: "Top": не €вл€етс€ членом "QueueLst". [D:\.dima\misis2023f-23-check\misis2024s-23-18-mironov-e-a\build.check\prj.check\prj.check\doctest_queuelst\doctest_queuelst.vcxproj]
    34>D:\.dima\misis2023f-23-check\misis2024s-23-18-mironov-e-a\prj.check\prj.check\doctest_queuelst\doctest_queuelst.cpp(139,19): error C2280: "QueueLst::QueueLst(const QueueLst &)": предприн€та попытка ссылки на удаленную функцию [D:\.dima\misis2023f-23-check\misis2024s-23-18-mironov-e-a\build.check\prj.check\prj.check\doctest_queuelst\doctest_queuelst.vcxproj]
