    32>D:\projects\misis2023f-23-check\misis2024s-23-18-mironov-e-a\prj.check\prj.check\doctest_queuearr\doctest_queuearr_moveable.cpp(3,10): error C1083: Cannot open include file: 'queuearr/queuearr.hpp': No such file or directory [D:\projects\misis2023f-23-check\misis2024s-23-18-mironov-e-a\build.check\prj.check\prj.check\doctest_queuearr\doctest_queuearr_m.vcxproj]
    30>D:\projects\misis2023f-23-check\misis2024s-23-18-mironov-e-a\prj.check\prj.check\doctest_queuearr\doctest_queuearr.cpp(3,10): error C1083: Cannot open include file: 'queuearr/queuearr.hpp': No such file or directory [D:\projects\misis2023f-23-check\misis2024s-23-18-mironov-e-a\build.check\prj.check\prj.check\doctest_queuearr\doctest_queuearr.vcxproj]
    37>D:\projects\misis2023f-23-check\misis2024s-23-18-mironov-e-a\prj.check\prj.check\doctest_queuelstpr\doctest_queuelstpr_moveable.cpp(3,10): error C1083: Cannot open include file: 'queuelstpr/queuelstpr.hpp': No such file or directory [D:\projects\misis2023f-23-check\misis2024s-23-18-mironov-e-a\build.check\prj.check\prj.check\doctest_queuelstpr\doctest_queuelstpr_m.vcxproj]
    36>D:\projects\misis2023f-23-check\misis2024s-23-18-mironov-e-a\prj.check\prj.check\doctest_queuelstpr\doctest_queuelstpr.cpp(3,10): error C1083: Cannot open include file: 'queuelstpr/queuelstpr.hpp': No such file or directory [D:\projects\misis2023f-23-check\misis2024s-23-18-mironov-e-a\build.check\prj.check\prj.check\doctest_queuelstpr\doctest_queuelstpr.vcxproj]
    23>D:\projects\misis2023f-23-check\misis2024s-23-18-mironov-e-a\prj.check\prj.check\doctest_bitset\doctest_bitset.cpp(13,19): error C2440: '<function-style-cast>': cannot convert from 'int' to 'BitSet' [D:\projects\misis2023f-23-check\misis2024s-23-18-mironov-e-a\build.check\prj.check\prj.check\doctest_bitset\doctest_bitset.vcxproj]
    23>D:\projects\misis2023f-23-check\misis2024s-23-18-mironov-e-a\prj.check\prj.check\doctest_bitset\doctest_bitset.cpp(14,15): error C3536: 'st': cannot be used before it is initialized [D:\projects\misis2023f-23-check\misis2024s-23-18-mironov-e-a\build.check\prj.check\prj.check\doctest_bitset\doctest_bitset.vcxproj]
    23>D:\projects\misis2023f-23-check\misis2024s-23-18-mironov-e-a\prj.check\prj.check\doctest_bitset\doctest_bitset.cpp(14,19): error C2109: subscript requires array or pointer type [D:\projects\misis2023f-23-check\misis2024s-23-18-mironov-e-a\build.check\prj.check\prj.check\doctest_bitset\doctest_bitset.vcxproj]
    23>D:\projects\misis2023f-23-check\misis2024s-23-18-mironov-e-a\prj.check\prj.check\doctest_bitset\doctest_bitset.cpp(16,19): error C2109: subscript requires array or pointer type [D:\projects\misis2023f-23-check\misis2024s-23-18-mironov-e-a\build.check\prj.check\prj.check\doctest_bitset\doctest_bitset.vcxproj]
    23>D:\projects\misis2023f-23-check\misis2024s-23-18-mironov-e-a\prj.check\prj.check\doctest_bitset\doctest_bitset.cpp(16,13): error C2530: 'b2': references must be initialized [D:\projects\misis2023f-23-check\misis2024s-23-18-mironov-e-a\build.check\prj.check\prj.check\doctest_bitset\doctest_bitset.vcxproj]
    23>D:\projects\misis2023f-23-check\misis2024s-23-18-mironov-e-a\prj.check\prj.check\doctest_bitset\doctest_bitset.cpp(21,3): error C2039: 'Size': is not a member of 'BitSet' [D:\projects\misis2023f-23-check\misis2024s-23-18-mironov-e-a\build.check\prj.check\prj.check\doctest_bitset\doctest_bitset.vcxproj]
    23>D:\projects\misis2023f-23-check\misis2024s-23-18-mironov-e-a\prj.check\prj.check\doctest_bitset\doctest_bitset.cpp(21,3): error C2672: 'doctest::detail::ResultBuilder::binary_assert': no matching overloaded function found [D:\projects\misis2023f-23-check\misis2024s-23-18-mironov-e-a\build.check\prj.check\prj.check\doctest_bitset\doctest_bitset.vcxproj]
    23>D:\projects\misis2023f-23-check\misis2024s-23-18-mironov-e-a\prj.check\prj.check\doctest_bitset\doctest_bitset.cpp(22,23): error C2440: '<function-style-cast>': cannot convert from 'int' to 'BitSet' [D:\projects\misis2023f-23-check\misis2024s-23-18-mironov-e-a\build.check\prj.check\prj.check\doctest_bitset\doctest_bitset.vcxproj]
    23>D:\projects\misis2023f-23-check\misis2024s-23-18-mironov-e-a\prj.check\prj.check\doctest_bitset\doctest_bitset.cpp(23,3): error C3536: 'bs_129': cannot be used before it is initialized [D:\projects\misis2023f-23-check\misis2024s-23-18-mironov-e-a\build.check\prj.check\prj.check\doctest_bitset\doctest_bitset.vcxproj]
    23>D:\projects\misis2023f-23-check\misis2024s-23-18-mironov-e-a\prj.check\prj.check\doctest_bitset\doctest_bitset.cpp(23,3): error C2672: 'doctest::detail::ResultBuilder::binary_assert': no matching overloaded function found [D:\projects\misis2023f-23-check\misis2024s-23-18-mironov-e-a\build.check\prj.check\prj.check\doctest_bitset\doctest_bitset.vcxproj]
    23>D:\projects\misis2023f-23-check\misis2024s-23-18-mironov-e-a\prj.check\prj.check\doctest_bitset\doctest_bitset.cpp(28,3): error C2039: 'Size': is not a member of 'BitSet' [D:\projects\misis2023f-23-check\misis2024s-23-18-mironov-e-a\build.check\prj.check\prj.check\doctest_bitset\doctest_bitset.vcxproj]
    23>D:\projects\misis2023f-23-check\misis2024s-23-18-mironov-e-a\prj.check\prj.check\doctest_bitset\doctest_bitset.cpp(28,3): error C2672: 'doctest::detail::ResultBuilder::binary_assert': no matching overloaded function found [D:\projects\misis2023f-23-check\misis2024s-23-18-mironov-e-a\build.check\prj.check\prj.check\doctest_bitset\doctest_bitset.vcxproj]
    23>D:\projects\misis2023f-23-check\misis2024s-23-18-mironov-e-a\prj.check\prj.check\doctest_bitset\doctest_bitset.cpp(29,23): error C2440: '<function-style-cast>': cannot convert from 'int' to 'BitSet' [D:\projects\misis2023f-23-check\misis2024s-23-18-mironov-e-a\build.check\prj.check\prj.check\doctest_bitset\doctest_bitset.vcxproj]
    23>D:\projects\misis2023f-23-check\misis2024s-23-18-mironov-e-a\prj.check\prj.check\doctest_bitset\doctest_bitset.cpp(30,3): error C3536: 'bs_129': cannot be used before it is initialized [D:\projects\misis2023f-23-check\misis2024s-23-18-mironov-e-a\build.check\prj.check\prj.check\doctest_bitset\doctest_bitset.vcxproj]
    23>D:\projects\misis2023f-23-check\misis2024s-23-18-mironov-e-a\prj.check\prj.check\doctest_bitset\doctest_bitset.cpp(30,3): error C2672: 'doctest::detail::ResultBuilder::binary_assert': no matching overloaded function found [D:\projects\misis2023f-23-check\misis2024s-23-18-mironov-e-a\build.check\prj.check\prj.check\doctest_bitset\doctest_bitset.vcxproj]
    23>D:\projects\misis2023f-23-check\misis2024s-23-18-mironov-e-a\prj.check\prj.check\doctest_bitset\doctest_bitset.cpp(38,23): error C2440: '<function-style-cast>': cannot convert from 'int' to 'BitSet' [D:\projects\misis2023f-23-check\misis2024s-23-18-mironov-e-a\build.check\prj.check\prj.check\doctest_bitset\doctest_bitset.vcxproj]
    23>D:\projects\misis2023f-23-check\misis2024s-23-18-mironov-e-a\prj.check\prj.check\doctest_bitset\doctest_bitset.cpp(39,3): error C3536: 'bs_129': cannot be used before it is initialized [D:\projects\misis2023f-23-check\misis2024s-23-18-mironov-e-a\build.check\prj.check\prj.check\doctest_bitset\doctest_bitset.vcxproj]
    23>D:\projects\misis2023f-23-check\misis2024s-23-18-mironov-e-a\prj.check\prj.check\doctest_bitset\doctest_bitset.cpp(50,23): error C2440: '<function-style-cast>': cannot convert from 'int' to 'BitSet' [D:\projects\misis2023f-23-check\misis2024s-23-18-mironov-e-a\build.check\prj.check\prj.check\doctest_bitset\doctest_bitset.vcxproj]
    23>D:\projects\misis2023f-23-check\misis2024s-23-18-mironov-e-a\prj.check\prj.check\doctest_bitset\doctest_bitset.cpp(51,3): error C3536: 'bs_129': cannot be used before it is initialized [D:\projects\misis2023f-23-check\misis2024s-23-18-mironov-e-a\build.check\prj.check\prj.check\doctest_bitset\doctest_bitset.vcxproj]
    23>D:\projects\misis2023f-23-check\misis2024s-23-18-mironov-e-a\prj.check\prj.check\doctest_bitset\doctest_bitset.cpp(58,19): error C2440: '<function-style-cast>': cannot convert from 'int' to 'BitSet' [D:\projects\misis2023f-23-check\misis2024s-23-18-mironov-e-a\build.check\prj.check\prj.check\doctest_bitset\doctest_bitset.vcxproj]
    23>D:\projects\misis2023f-23-check\misis2024s-23-18-mironov-e-a\prj.check\prj.check\doctest_bitset\doctest_bitset.cpp(59,28): error C3536: 'bs': cannot be used before it is initialized [D:\projects\misis2023f-23-check\misis2024s-23-18-mironov-e-a\build.check\prj.check\prj.check\doctest_bitset\doctest_bitset.vcxproj]
    23>D:\projects\misis2023f-23-check\misis2024s-23-18-mironov-e-a\prj.check\prj.check\doctest_bitset\doctest_bitset.cpp(86,19): error C2440: '<function-style-cast>': cannot convert from 'int' to 'BitSet' [D:\projects\misis2023f-23-check\misis2024s-23-18-mironov-e-a\build.check\prj.check\prj.check\doctest_bitset\doctest_bitset.vcxproj]
    23>D:\projects\misis2023f-23-check\misis2024s-23-18-mironov-e-a\prj.check\prj.check\doctest_bitset\doctest_bitset.cpp(87,28): error C3536: 'st': cannot be used before it is initialized [D:\projects\misis2023f-23-check\misis2024s-23-18-mironov-e-a\build.check\prj.check\prj.check\doctest_bitset\doctest_bitset.vcxproj]
    23>D:\projects\misis2023f-23-check\misis2024s-23-18-mironov-e-a\prj.check\prj.check\doctest_bitset\doctest_bitset.cpp(88,5): error C2109: subscript requires array or pointer type [D:\projects\misis2023f-23-check\misis2024s-23-18-mironov-e-a\build.check\prj.check\prj.check\doctest_bitset\doctest_bitset.vcxproj]
    23>D:\projects\misis2023f-23-check\misis2024s-23-18-mironov-e-a\prj.check\prj.check\doctest_bitset\doctest_bitset.cpp(89,9): error C2109: subscript requires array or pointer type [D:\projects\misis2023f-23-check\misis2024s-23-18-mironov-e-a\build.check\prj.check\prj.check\doctest_bitset\doctest_bitset.vcxproj]
    23>D:\projects\misis2023f-23-check\misis2024s-23-18-mironov-e-a\prj.check\prj.check\doctest_bitset\doctest_bitset.cpp(91,5): error C2109: subscript requires array or pointer type [D:\projects\misis2023f-23-check\misis2024s-23-18-mironov-e-a\build.check\prj.check\prj.check\doctest_bitset\doctest_bitset.vcxproj]
    23>D:\projects\misis2023f-23-check\misis2024s-23-18-mironov-e-a\prj.check\prj.check\doctest_bitset\doctest_bitset.cpp(92,9): error C2109: subscript requires array or pointer type [D:\projects\misis2023f-23-check\misis2024s-23-18-mironov-e-a\build.check\prj.check\prj.check\doctest_bitset\doctest_bitset.vcxproj]
    23>D:\projects\misis2023f-23-check\misis2024s-23-18-mironov-e-a\prj.check\prj.check\doctest_bitset\doctest_bitset.cpp(94,5): error C2109: subscript requires array or pointer type [D:\projects\misis2023f-23-check\misis2024s-23-18-mironov-e-a\build.check\prj.check\prj.check\doctest_bitset\doctest_bitset.vcxproj]
    23>D:\projects\misis2023f-23-check\misis2024s-23-18-mironov-e-a\prj.check\prj.check\doctest_bitset\doctest_bitset.cpp(96,7): error C2109: subscript requires array or pointer type [D:\projects\misis2023f-23-check\misis2024s-23-18-mironov-e-a\build.check\prj.check\prj.check\doctest_bitset\doctest_bitset.vcxproj]
    23>D:\projects\misis2023f-23-check\misis2024s-23-18-mironov-e-a\prj.check\prj.check\doctest_bitset\doctest_bitset.cpp(97,3): error C2109: subscript requires array or pointer type [D:\projects\misis2023f-23-check\misis2024s-23-18-mironov-e-a\build.check\prj.check\prj.check\doctest_bitset\doctest_bitset.vcxproj]
    23>D:\projects\misis2023f-23-check\misis2024s-23-18-mironov-e-a\prj.check\prj.check\doctest_bitset\doctest_bitset.cpp(98,3): error C2109: subscript requires array or pointer type [D:\projects\misis2023f-23-check\misis2024s-23-18-mironov-e-a\build.check\prj.check\prj.check\doctest_bitset\doctest_bitset.vcxproj]
    23>D:\projects\misis2023f-23-check\misis2024s-23-18-mironov-e-a\prj.check\prj.check\doctest_bitset\doctest_bitset.cpp(99,3): error C2109: subscript requires array or pointer type [D:\projects\misis2023f-23-check\misis2024s-23-18-mironov-e-a\build.check\prj.check\prj.check\doctest_bitset\doctest_bitset.vcxproj]
    23>D:\projects\misis2023f-23-check\misis2024s-23-18-mironov-e-a\prj.check\prj.check\doctest_bitset\doctest_bitset.cpp(102,3): error C2109: subscript requires array or pointer type [D:\projects\misis2023f-23-check\misis2024s-23-18-mironov-e-a\build.check\prj.check\prj.check\doctest_bitset\doctest_bitset.vcxproj]
    23>D:\projects\misis2023f-23-check\misis2024s-23-18-mironov-e-a\prj.check\prj.check\doctest_bitset\doctest_bitset.cpp(103,3): error C2109: subscript requires array or pointer type [D:\projects\misis2023f-23-check\misis2024s-23-18-mironov-e-a\build.check\prj.check\prj.check\doctest_bitset\doctest_bitset.vcxproj]
    23>D:\projects\misis2023f-23-check\misis2024s-23-18-mironov-e-a\prj.check\prj.check\doctest_bitset\doctest_bitset.cpp(104,3): error C2109: subscript requires array or pointer type [D:\projects\misis2023f-23-check\misis2024s-23-18-mironov-e-a\build.check\prj.check\prj.check\doctest_bitset\doctest_bitset.vcxproj]
    23>D:\projects\misis2023f-23-check\misis2024s-23-18-mironov-e-a\prj.check\prj.check\doctest_bitset\doctest_bitset.cpp(105,3): error C2109: subscript requires array or pointer type [D:\projects\misis2023f-23-check\misis2024s-23-18-mironov-e-a\build.check\prj.check\prj.check\doctest_bitset\doctest_bitset.vcxproj]
    23>D:\projects\misis2023f-23-check\misis2024s-23-18-mironov-e-a\prj.check\prj.check\doctest_bitset\doctest_bitset.cpp(116,19): error C2665: 'BitSet::BitSet': no overloaded function could convert all the argument types [D:\projects\misis2023f-23-check\misis2024s-23-18-mironov-e-a\build.check\prj.check\prj.check\doctest_bitset\doctest_bitset.vcxproj]
    23>D:\projects\misis2023f-23-check\misis2024s-23-18-mironov-e-a\prj.check\prj.check\doctest_bitset\doctest_bitset.cpp(122,17): error C2665: 'BitSet::BitSet': no overloaded function could convert all the argument types [D:\projects\misis2023f-23-check\misis2024s-23-18-mironov-e-a\build.check\prj.check\prj.check\doctest_bitset\doctest_bitset.vcxproj]
    23>D:\projects\misis2023f-23-check\misis2024s-23-18-mironov-e-a\prj.check\prj.check\doctest_bitset\doctest_bitset.cpp(124,10): error C2440: 'initializing': cannot convert from 'BitSet::BiA' to 'bool' [D:\projects\misis2023f-23-check\misis2024s-23-18-mironov-e-a\build.check\prj.check\prj.check\doctest_bitset\doctest_bitset.vcxproj]
    24>D:\projects\misis2023f-23-check\misis2024s-23-18-mironov-e-a\prj.check\prj.check\doctest_bitset\doctest_bitset_moveable.cpp(9,12): error C2665: 'BitSet::BitSet': no overloaded function could convert all the argument types [D:\projects\misis2023f-23-check\misis2024s-23-18-mironov-e-a\build.check\prj.check\prj.check\doctest_bitset\doctest_bitset_m.vcxproj]
    35>D:\projects\misis2023f-23-check\misis2024s-23-18-mironov-e-a\prj.check\prj.check\doctest_queuelst\doctest_queuelst_moveable.cpp(20,5): error C2039: 'Top': is not a member of 'QueueLst' [D:\projects\misis2023f-23-check\misis2024s-23-18-mironov-e-a\build.check\prj.check\prj.check\doctest_queuelst\doctest_queuelst_m.vcxproj]
    33>D:\projects\misis2023f-23-check\misis2024s-23-18-mironov-e-a\prj.check\prj.check\doctest_queuelst\doctest_queuelst.cpp(32,11): error C2280: 'QueueLst &QueueLst::operator =(const QueueLst &)': attempting to reference a deleted function [D:\projects\misis2023f-23-check\misis2024s-23-18-mironov-e-a\build.check\prj.check\prj.check\doctest_queuelst\doctest_queuelst.vcxproj]
    33>D:\projects\misis2023f-23-check\misis2024s-23-18-mironov-e-a\prj.check\prj.check\doctest_queuelst\doctest_queuelst.cpp(37,20): error C2280: 'QueueLst::QueueLst(const QueueLst &)': attempting to reference a deleted function [D:\projects\misis2023f-23-check\misis2024s-23-18-mironov-e-a\build.check\prj.check\prj.check\doctest_queuelst\doctest_queuelst.vcxproj]
    33>D:\projects\misis2023f-23-check\misis2024s-23-18-mironov-e-a\prj.check\prj.check\doctest_queuelst\doctest_queuelst.cpp(45,21): error C2280: 'QueueLst::QueueLst(const QueueLst &)': attempting to reference a deleted function [D:\projects\misis2023f-23-check\misis2024s-23-18-mironov-e-a\build.check\prj.check\prj.check\doctest_queuelst\doctest_queuelst.vcxproj]
    33>D:\projects\misis2023f-23-check\misis2024s-23-18-mironov-e-a\prj.check\prj.check\doctest_queuelst\doctest_queuelst.cpp(47,5): error C2039: 'Top': is not a member of 'QueueLst' [D:\projects\misis2023f-23-check\misis2024s-23-18-mironov-e-a\build.check\prj.check\prj.check\doctest_queuelst\doctest_queuelst.vcxproj]
    33>D:\projects\misis2023f-23-check\misis2024s-23-18-mironov-e-a\prj.check\prj.check\doctest_queuelst\doctest_queuelst.cpp(47,5): error C2672: 'doctest::detail::ResultBuilder::binary_assert': no matching overloaded function found [D:\projects\misis2023f-23-check\misis2024s-23-18-mironov-e-a\build.check\prj.check\prj.check\doctest_queuelst\doctest_queuelst.vcxproj]
    33>D:\projects\misis2023f-23-check\misis2024s-23-18-mironov-e-a\prj.check\prj.check\doctest_queuelst\doctest_queuelst.cpp(48,5): error C2039: 'Top': is not a member of 'QueueLst' [D:\projects\misis2023f-23-check\misis2024s-23-18-mironov-e-a\build.check\prj.check\prj.check\doctest_queuelst\doctest_queuelst.vcxproj]
    33>D:\projects\misis2023f-23-check\misis2024s-23-18-mironov-e-a\prj.check\prj.check\doctest_queuelst\doctest_queuelst.cpp(48,5): error C2672: 'doctest::detail::ResultBuilder::binary_assert': no matching overloaded function found [D:\projects\misis2023f-23-check\misis2024s-23-18-mironov-e-a\build.check\prj.check\prj.check\doctest_queuelst\doctest_queuelst.vcxproj]
    33>D:\projects\misis2023f-23-check\misis2024s-23-18-mironov-e-a\prj.check\prj.check\doctest_queuelst\doctest_queuelst.cpp(50,5): error C2039: 'Top': is not a member of 'QueueLst' [D:\projects\misis2023f-23-check\misis2024s-23-18-mironov-e-a\build.check\prj.check\prj.check\doctest_queuelst\doctest_queuelst.vcxproj]
    33>D:\projects\misis2023f-23-check\misis2024s-23-18-mironov-e-a\prj.check\prj.check\doctest_queuelst\doctest_queuelst.cpp(50,5): error C2672: 'doctest::detail::ResultBuilder::binary_assert': no matching overloaded function found [D:\projects\misis2023f-23-check\misis2024s-23-18-mironov-e-a\build.check\prj.check\prj.check\doctest_queuelst\doctest_queuelst.vcxproj]
    33>D:\projects\misis2023f-23-check\misis2024s-23-18-mironov-e-a\prj.check\prj.check\doctest_queuelst\doctest_queuelst.cpp(51,5): error C2039: 'Top': is not a member of 'QueueLst' [D:\projects\misis2023f-23-check\misis2024s-23-18-mironov-e-a\build.check\prj.check\prj.check\doctest_queuelst\doctest_queuelst.vcxproj]
    33>D:\projects\misis2023f-23-check\misis2024s-23-18-mironov-e-a\prj.check\prj.check\doctest_queuelst\doctest_queuelst.cpp(51,5): error C2672: 'doctest::detail::ResultBuilder::binary_assert': no matching overloaded function found [D:\projects\misis2023f-23-check\misis2024s-23-18-mironov-e-a\build.check\prj.check\prj.check\doctest_queuelst\doctest_queuelst.vcxproj]
    33>D:\projects\misis2023f-23-check\misis2024s-23-18-mironov-e-a\prj.check\prj.check\doctest_queuelst\doctest_queuelst.cpp(55,9): error C2039: 'Top': is not a member of 'QueueLst' [D:\projects\misis2023f-23-check\misis2024s-23-18-mironov-e-a\build.check\prj.check\prj.check\doctest_queuelst\doctest_queuelst.vcxproj]
    33>D:\projects\misis2023f-23-check\misis2024s-23-18-mironov-e-a\prj.check\prj.check\doctest_queuelst\doctest_queuelst.cpp(55,9): error C2672: 'doctest::detail::ResultBuilder::binary_assert': no matching overloaded function found [D:\projects\misis2023f-23-check\misis2024s-23-18-mironov-e-a\build.check\prj.check\prj.check\doctest_queuelst\doctest_queuelst.vcxproj]
    33>D:\projects\misis2023f-23-check\misis2024s-23-18-mironov-e-a\prj.check\prj.check\doctest_queuelst\doctest_queuelst.cpp(59,9): error C2039: 'Top': is not a member of 'QueueLst' [D:\projects\misis2023f-23-check\misis2024s-23-18-mironov-e-a\build.check\prj.check\prj.check\doctest_queuelst\doctest_queuelst.vcxproj]
    33>D:\projects\misis2023f-23-check\misis2024s-23-18-mironov-e-a\prj.check\prj.check\doctest_queuelst\doctest_queuelst.cpp(59,9): error C2672: 'doctest::detail::ResultBuilder::binary_assert': no matching overloaded function found [D:\projects\misis2023f-23-check\misis2024s-23-18-mironov-e-a\build.check\prj.check\prj.check\doctest_queuelst\doctest_queuelst.vcxproj]
    33>D:\projects\misis2023f-23-check\misis2024s-23-18-mironov-e-a\prj.check\prj.check\doctest_queuelst\doctest_queuelst.cpp(68,19): error C2280: 'QueueLst::QueueLst(const QueueLst &)': attempting to reference a deleted function [D:\projects\misis2023f-23-check\misis2024s-23-18-mironov-e-a\build.check\prj.check\prj.check\doctest_queuelst\doctest_queuelst.vcxproj]
    33>D:\projects\misis2023f-23-check\misis2024s-23-18-mironov-e-a\prj.check\prj.check\doctest_queuelst\doctest_queuelst.cpp(70,3): error C2039: 'Top': is not a member of 'QueueLst' [D:\projects\misis2023f-23-check\misis2024s-23-18-mironov-e-a\build.check\prj.check\prj.check\doctest_queuelst\doctest_queuelst.vcxproj]
    33>D:\projects\misis2023f-23-check\misis2024s-23-18-mironov-e-a\prj.check\prj.check\doctest_queuelst\doctest_queuelst.cpp(70,3): error C2672: 'doctest::detail::ResultBuilder::binary_assert': no matching overloaded function found [D:\projects\misis2023f-23-check\misis2024s-23-18-mironov-e-a\build.check\prj.check\prj.check\doctest_queuelst\doctest_queuelst.vcxproj]
    33>D:\projects\misis2023f-23-check\misis2024s-23-18-mironov-e-a\prj.check\prj.check\doctest_queuelst\doctest_queuelst.cpp(71,3): error C2039: 'Top': is not a member of 'QueueLst' [D:\projects\misis2023f-23-check\misis2024s-23-18-mironov-e-a\build.check\prj.check\prj.check\doctest_queuelst\doctest_queuelst.vcxproj]
    33>D:\projects\misis2023f-23-check\misis2024s-23-18-mironov-e-a\prj.check\prj.check\doctest_queuelst\doctest_queuelst.cpp(71,3): error C2672: 'doctest::detail::ResultBuilder::binary_assert': no matching overloaded function found [D:\projects\misis2023f-23-check\misis2024s-23-18-mironov-e-a\build.check\prj.check\prj.check\doctest_queuelst\doctest_queuelst.vcxproj]
    33>D:\projects\misis2023f-23-check\misis2024s-23-18-mironov-e-a\prj.check\prj.check\doctest_queuelst\doctest_queuelst.cpp(73,3): error C2039: 'Top': is not a member of 'QueueLst' [D:\projects\misis2023f-23-check\misis2024s-23-18-mironov-e-a\build.check\prj.check\prj.check\doctest_queuelst\doctest_queuelst.vcxproj]
    33>D:\projects\misis2023f-23-check\misis2024s-23-18-mironov-e-a\prj.check\prj.check\doctest_queuelst\doctest_queuelst.cpp(73,3): error C2672: 'doctest::detail::ResultBuilder::binary_assert': no matching overloaded function found [D:\projects\misis2023f-23-check\misis2024s-23-18-mironov-e-a\build.check\prj.check\prj.check\doctest_queuelst\doctest_queuelst.vcxproj]
    33>D:\projects\misis2023f-23-check\misis2024s-23-18-mironov-e-a\prj.check\prj.check\doctest_queuelst\doctest_queuelst.cpp(74,3): error C2039: 'Top': is not a member of 'QueueLst' [D:\projects\misis2023f-23-check\misis2024s-23-18-mironov-e-a\build.check\prj.check\prj.check\doctest_queuelst\doctest_queuelst.vcxproj]
    33>D:\projects\misis2023f-23-check\misis2024s-23-18-mironov-e-a\prj.check\prj.check\doctest_queuelst\doctest_queuelst.cpp(74,3): error C2672: 'doctest::detail::ResultBuilder::binary_assert': no matching overloaded function found [D:\projects\misis2023f-23-check\misis2024s-23-18-mironov-e-a\build.check\prj.check\prj.check\doctest_queuelst\doctest_queuelst.vcxproj]
    33>D:\projects\misis2023f-23-check\misis2024s-23-18-mironov-e-a\prj.check\prj.check\doctest_queuelst\doctest_queuelst.cpp(78,7): error C2039: 'Top': is not a member of 'QueueLst' [D:\projects\misis2023f-23-check\misis2024s-23-18-mironov-e-a\build.check\prj.check\prj.check\doctest_queuelst\doctest_queuelst.vcxproj]
    33>D:\projects\misis2023f-23-check\misis2024s-23-18-mironov-e-a\prj.check\prj.check\doctest_queuelst\doctest_queuelst.cpp(78,7): error C2672: 'doctest::detail::ResultBuilder::binary_assert': no matching overloaded function found [D:\projects\misis2023f-23-check\misis2024s-23-18-mironov-e-a\build.check\prj.check\prj.check\doctest_queuelst\doctest_queuelst.vcxproj]
    33>D:\projects\misis2023f-23-check\misis2024s-23-18-mironov-e-a\prj.check\prj.check\doctest_queuelst\doctest_queuelst.cpp(82,7): error C2039: 'Top': is not a member of 'QueueLst' [D:\projects\misis2023f-23-check\misis2024s-23-18-mironov-e-a\build.check\prj.check\prj.check\doctest_queuelst\doctest_queuelst.vcxproj]
    33>D:\projects\misis2023f-23-check\misis2024s-23-18-mironov-e-a\prj.check\prj.check\doctest_queuelst\doctest_queuelst.cpp(82,7): error C2672: 'doctest::detail::ResultBuilder::binary_assert': no matching overloaded function found [D:\projects\misis2023f-23-check\misis2024s-23-18-mironov-e-a\build.check\prj.check\prj.check\doctest_queuelst\doctest_queuelst.vcxproj]
    33>D:\projects\misis2023f-23-check\misis2024s-23-18-mironov-e-a\prj.check\prj.check\doctest_queuelst\doctest_queuelst.cpp(90,12): error C2280: 'QueueLst &QueueLst::operator =(const QueueLst &)': attempting to reference a deleted function [D:\projects\misis2023f-23-check\misis2024s-23-18-mironov-e-a\build.check\prj.check\prj.check\doctest_queuelst\doctest_queuelst.vcxproj]
    33>D:\projects\misis2023f-23-check\misis2024s-23-18-mironov-e-a\prj.check\prj.check\doctest_queuelst\doctest_queuelst.cpp(96,11): error C2280: 'QueueLst &QueueLst::operator =(const QueueLst &)': attempting to reference a deleted function [D:\projects\misis2023f-23-check\misis2024s-23-18-mironov-e-a\build.check\prj.check\prj.check\doctest_queuelst\doctest_queuelst.vcxproj]
    33>D:\projects\misis2023f-23-check\misis2024s-23-18-mironov-e-a\prj.check\prj.check\doctest_queuelst\doctest_queuelst.cpp(103,11): error C2280: 'QueueLst &QueueLst::operator =(const QueueLst &)': attempting to reference a deleted function [D:\projects\misis2023f-23-check\misis2024s-23-18-mironov-e-a\build.check\prj.check\prj.check\doctest_queuelst\doctest_queuelst.vcxproj]
    33>D:\projects\misis2023f-23-check\misis2024s-23-18-mironov-e-a\prj.check\prj.check\doctest_queuelst\doctest_queuelst.cpp(114,11): error C2280: 'QueueLst &QueueLst::operator =(const QueueLst &)': attempting to reference a deleted function [D:\projects\misis2023f-23-check\misis2024s-23-18-mironov-e-a\build.check\prj.check\prj.check\doctest_queuelst\doctest_queuelst.vcxproj]
    33>D:\projects\misis2023f-23-check\misis2024s-23-18-mironov-e-a\prj.check\prj.check\doctest_queuelst\doctest_queuelst.cpp(115,3): error C2039: 'Top': is not a member of 'QueueLst' [D:\projects\misis2023f-23-check\misis2024s-23-18-mironov-e-a\build.check\prj.check\prj.check\doctest_queuelst\doctest_queuelst.vcxproj]
    33>D:\projects\misis2023f-23-check\misis2024s-23-18-mironov-e-a\prj.check\prj.check\doctest_queuelst\doctest_queuelst.cpp(115,3): error C2672: 'doctest::detail::ResultBuilder::binary_assert': no matching overloaded function found [D:\projects\misis2023f-23-check\misis2024s-23-18-mironov-e-a\build.check\prj.check\prj.check\doctest_queuelst\doctest_queuelst.vcxproj]
    33>D:\projects\misis2023f-23-check\misis2024s-23-18-mironov-e-a\prj.check\prj.check\doctest_queuelst\doctest_queuelst.cpp(117,5): error C2039: 'Top': is not a member of 'QueueLst' [D:\projects\misis2023f-23-check\misis2024s-23-18-mironov-e-a\build.check\prj.check\prj.check\doctest_queuelst\doctest_queuelst.vcxproj]
    33>D:\projects\misis2023f-23-check\misis2024s-23-18-mironov-e-a\prj.check\prj.check\doctest_queuelst\doctest_queuelst.cpp(117,5): error C2672: 'doctest::detail::ResultBuilder::binary_assert': no matching overloaded function found [D:\projects\misis2023f-23-check\misis2024s-23-18-mironov-e-a\build.check\prj.check\prj.check\doctest_queuelst\doctest_queuelst.vcxproj]
    33>D:\projects\misis2023f-23-check\misis2024s-23-18-mironov-e-a\prj.check\prj.check\doctest_queuelst\doctest_queuelst.cpp(120,7): error C2039: 'Top': is not a member of 'QueueLst' [D:\projects\misis2023f-23-check\misis2024s-23-18-mironov-e-a\build.check\prj.check\prj.check\doctest_queuelst\doctest_queuelst.vcxproj]
    33>D:\projects\misis2023f-23-check\misis2024s-23-18-mironov-e-a\prj.check\prj.check\doctest_queuelst\doctest_queuelst.cpp(120,7): error C2672: 'doctest::detail::ResultBuilder::binary_assert': no matching overloaded function found [D:\projects\misis2023f-23-check\misis2024s-23-18-mironov-e-a\build.check\prj.check\prj.check\doctest_queuelst\doctest_queuelst.vcxproj]
    33>D:\projects\misis2023f-23-check\misis2024s-23-18-mironov-e-a\prj.check\prj.check\doctest_queuelst\doctest_queuelst.cpp(124,7): error C2039: 'Top': is not a member of 'QueueLst' [D:\projects\misis2023f-23-check\misis2024s-23-18-mironov-e-a\build.check\prj.check\prj.check\doctest_queuelst\doctest_queuelst.vcxproj]
    33>D:\projects\misis2023f-23-check\misis2024s-23-18-mironov-e-a\prj.check\prj.check\doctest_queuelst\doctest_queuelst.cpp(124,7): error C2672: 'doctest::detail::ResultBuilder::binary_assert': no matching overloaded function found [D:\projects\misis2023f-23-check\misis2024s-23-18-mironov-e-a\build.check\prj.check\prj.check\doctest_queuelst\doctest_queuelst.vcxproj]
    33>D:\projects\misis2023f-23-check\misis2024s-23-18-mironov-e-a\prj.check\prj.check\doctest_queuelst\doctest_queuelst.cpp(131,3): error C2039: 'Top': is not a member of 'QueueLst' [D:\projects\misis2023f-23-check\misis2024s-23-18-mironov-e-a\build.check\prj.check\prj.check\doctest_queuelst\doctest_queuelst.vcxproj]
    33>D:\projects\misis2023f-23-check\misis2024s-23-18-mironov-e-a\prj.check\prj.check\doctest_queuelst\doctest_queuelst.cpp(133,3): error C2039: 'Top': is not a member of 'QueueLst' [D:\projects\misis2023f-23-check\misis2024s-23-18-mironov-e-a\build.check\prj.check\prj.check\doctest_queuelst\doctest_queuelst.vcxproj]
    33>D:\projects\misis2023f-23-check\misis2024s-23-18-mironov-e-a\prj.check\prj.check\doctest_queuelst\doctest_queuelst.cpp(135,3): error C2039: 'Top': is not a member of 'QueueLst' [D:\projects\misis2023f-23-check\misis2024s-23-18-mironov-e-a\build.check\prj.check\prj.check\doctest_queuelst\doctest_queuelst.vcxproj]
    33>D:\projects\misis2023f-23-check\misis2024s-23-18-mironov-e-a\prj.check\prj.check\doctest_queuelst\doctest_queuelst.cpp(136,3): error C2039: 'Top': is not a member of 'QueueLst' [D:\projects\misis2023f-23-check\misis2024s-23-18-mironov-e-a\build.check\prj.check\prj.check\doctest_queuelst\doctest_queuelst.vcxproj]
    33>D:\projects\misis2023f-23-check\misis2024s-23-18-mironov-e-a\prj.check\prj.check\doctest_queuelst\doctest_queuelst.cpp(139,19): error C2280: 'QueueLst::QueueLst(const QueueLst &)': attempting to reference a deleted function [D:\projects\misis2023f-23-check\misis2024s-23-18-mironov-e-a\build.check\prj.check\prj.check\doctest_queuelst\doctest_queuelst.vcxproj]
